SF:lib/home.dart
DA:7,1
DA:9,1
DA:10,1
DA:16,0
DA:17,0
DA:18,0
DA:22,0
DA:23,0
DA:24,0
DA:28,0
DA:29,0
DA:30,0
DA:34,0
DA:35,0
DA:36,0
DA:39,1
DA:41,1
DA:43,1
DA:44,3
DA:47,1
DA:48,0
DA:49,1
DA:50,2
DA:51,1
DA:52,1
DA:53,1
DA:55,2
DA:56,1
DA:57,2
DA:60,1
DA:63,1
DA:64,1
DA:65,1
DA:66,1
DA:67,1
DA:72,1
DA:74,1
DA:76,1
DA:77,1
DA:78,4
DA:82,1
DA:83,4
DA:90,1
DA:91,0
DA:92,0
DA:93,0
DA:101,1
DA:103,1
DA:106,1
DA:107,1
DA:109,1
DA:113,1
DA:115,1
DA:119,1
DA:121,1
LF:55
LH:39
end_of_record
SF:lib/home_network.dart
DA:8,1
DA:14,1
DA:17,2
DA:18,1
DA:22,2
DA:24,2
DA:27,1
DA:32,0
DA:35,0
LF:9
LH:7
end_of_record
SF:lib/post_model.dart
DA:7,1
DA:15,1
DA:16,1
DA:17,1
DA:18,1
DA:19,1
DA:20,1
DA:25,0
DA:26,0
DA:27,0
DA:28,0
DA:29,0
DA:30,0
DA:35,1
DA:36,4
LF:15
LH:9
end_of_record
SF:lib/home_cubit.dart
DA:12,3
DA:18,0
DA:20,0
DA:22,0
DA:23,0
DA:27,0
DA:29,0
DA:30,0
DA:33,0
DA:34,0
DA:37,0
DA:38,0
LF:12
LH:1
end_of_record
